[09-Apr-2025 18:23:00] NOTICE: fpm is running, pid 370
[09-Apr-2025 18:23:00] NOTICE: ready to handle connections
[09-Apr-2025 18:23:24 UTC] [info] Matched route "traffic".
[09-Apr-2025 18:23:24 UTC] [debug] Notified event "kernel.request" to listener "Symfony\Component\HttpKernel\EventListener\DebugHandlersListener::configure".
[09-Apr-2025 18:23:24 UTC] [debug] Notified event "kernel.request" to listener "Symfony\Component\HttpKernel\EventListener\ValidateRequestListener::onKernelRequest".
[09-Apr-2025 18:23:24 UTC] [debug] Notified event "kernel.request" to listener "Symfony\Bridge\Doctrine\Middleware\IdleConnection\Listener::onKernelRequest".
[09-Apr-2025 18:23:24 UTC] [debug] Notified event "kernel.request" to listener "Symfony\Component\HttpKernel\EventListener\SessionListener::onKernelRequest".
[09-Apr-2025 18:23:24 UTC] [debug] Notified event "kernel.request" to listener "Symfony\Component\HttpKernel\EventListener\LocaleListener::setDefaultLocale".
[09-Apr-2025 18:23:24 UTC] [debug] Notified event "kernel.request" to listener "Symfony\Component\HttpKernel\EventListener\RouterListener::onKernelRequest".
[09-Apr-2025 18:23:24 UTC] [debug] Notified event "kernel.request" to listener "Symfony\Component\HttpKernel\EventListener\LocaleListener::onKernelRequest".
[09-Apr-2025 18:23:24 UTC] [debug] Notified event "kernel.controller_arguments" to listener "Symfony\Component\HttpKernel\EventListener\CacheAttributeListener::onKernelControllerArguments".
[09-Apr-2025 18:23:24 UTC] [debug] Notified event "kernel.controller_arguments" to listener "ContainerGrMg7I5\RequestPayloadValueResolverGhost01ca9cc::onKernelControllerArguments".
[09-Apr-2025 18:23:24 UTC] [debug] Notified event "kernel.controller_arguments" to listener "Symfony\Component\HttpKernel\EventListener\ErrorListener::onControllerArguments".
[09-Apr-2025 18:23:24 UTC] [debug] Notified event "kernel.response" to listener "Symfony\Component\HttpKernel\EventListener\ResponseListener::onKernelResponse".
[09-Apr-2025 18:23:24 UTC] [debug] Notified event "kernel.response" to listener "Symfony\Component\HttpKernel\EventListener\CacheAttributeListener::onKernelResponse".
[09-Apr-2025 18:23:24 UTC] [debug] Notified event "kernel.response" to listener "Symfony\Component\HttpKernel\EventListener\ErrorListener::removeCspHeader".
[09-Apr-2025 18:23:24 UTC] [debug] Notified event "kernel.response" to listener "Symfony\Component\HttpKernel\EventListener\DisallowRobotsIndexingListener::onResponse".
[09-Apr-2025 18:23:24 UTC] [debug] Notified event "kernel.response" to listener "Symfony\Component\HttpKernel\EventListener\SessionListener::onKernelResponse".
[09-Apr-2025 18:23:24 UTC] [debug] Notified event "kernel.finish_request" to listener "Symfony\Component\HttpKernel\EventListener\LocaleListener::onKernelFinishRequest".
[09-Apr-2025 18:23:24 UTC] [debug] Notified event "kernel.finish_request" to listener "Symfony\Component\HttpKernel\EventListener\RouterListener::onKernelFinishRequest".
[09-Apr-2025 18:23:46 UTC] [info] Matched route "traffic".
[09-Apr-2025 18:23:46 UTC] [debug] Notified event "kernel.request" to listener "Symfony\Component\HttpKernel\EventListener\DebugHandlersListener::configure".
[09-Apr-2025 18:23:46 UTC] [debug] Notified event "kernel.request" to listener "Symfony\Component\HttpKernel\EventListener\ValidateRequestListener::onKernelRequest".
[09-Apr-2025 18:23:46 UTC] [debug] Notified event "kernel.request" to listener "Symfony\Bridge\Doctrine\Middleware\IdleConnection\Listener::onKernelRequest".
[09-Apr-2025 18:23:46 UTC] [debug] Notified event "kernel.request" to listener "Symfony\Component\HttpKernel\EventListener\SessionListener::onKernelRequest".
[09-Apr-2025 18:23:46 UTC] [debug] Notified event "kernel.request" to listener "Symfony\Component\HttpKernel\EventListener\LocaleListener::setDefaultLocale".
[09-Apr-2025 18:23:46 UTC] [debug] Notified event "kernel.request" to listener "Symfony\Component\HttpKernel\EventListener\RouterListener::onKernelRequest".
[09-Apr-2025 18:23:46 UTC] [debug] Notified event "kernel.request" to listener "Symfony\Component\HttpKernel\EventListener\LocaleListener::onKernelRequest".
[09-Apr-2025 18:23:46 UTC] [info] Matched route "traffic".
[09-Apr-2025 18:23:46 UTC] [debug] Notified event "kernel.request" to listener "Symfony\Component\HttpKernel\EventListener\DebugHandlersListener::configure".
[09-Apr-2025 18:23:46 UTC] [debug] Notified event "kernel.request" to listener "Symfony\Component\HttpKernel\EventListener\ValidateRequestListener::onKernelRequest".
[09-Apr-2025 18:23:46 UTC] [debug] Notified event "kernel.request" to listener "Symfony\Bridge\Doctrine\Middleware\IdleConnection\Listener::onKernelRequest".
[09-Apr-2025 18:23:46 UTC] [debug] Notified event "kernel.request" to listener "Symfony\Component\HttpKernel\EventListener\SessionListener::onKernelRequest".
[09-Apr-2025 18:23:46 UTC] [debug] Notified event "kernel.request" to listener "Symfony\Component\HttpKernel\EventListener\LocaleListener::setDefaultLocale".
[09-Apr-2025 18:23:46 UTC] [debug] Notified event "kernel.request" to listener "Symfony\Component\HttpKernel\EventListener\RouterListener::onKernelRequest".
[09-Apr-2025 18:23:46 UTC] [debug] Notified event "kernel.request" to listener "Symfony\Component\HttpKernel\EventListener\LocaleListener::onKernelRequest".
[09-Apr-2025 18:23:46 UTC] [debug] Notified event "kernel.controller_arguments" to listener "Symfony\Component\HttpKernel\EventListener\CacheAttributeListener::onKernelControllerArguments".
[09-Apr-2025 18:23:46 UTC] [debug] Notified event "kernel.controller_arguments" to listener "ContainerGrMg7I5\RequestPayloadValueResolverGhost01ca9cc::onKernelControllerArguments".
[09-Apr-2025 18:23:46 UTC] [debug] Notified event "kernel.controller_arguments" to listener "Symfony\Component\HttpKernel\EventListener\ErrorListener::onControllerArguments".
[09-Apr-2025 18:23:46 UTC] [debug] Notified event "kernel.controller_arguments" to listener "Symfony\Component\HttpKernel\EventListener\CacheAttributeListener::onKernelControllerArguments".
[09-Apr-2025 18:23:46 UTC] [debug] Notified event "kernel.controller_arguments" to listener "ContainerGrMg7I5\RequestPayloadValueResolverGhost01ca9cc::onKernelControllerArguments".
[09-Apr-2025 18:23:46 UTC] [debug] Notified event "kernel.controller_arguments" to listener "Symfony\Component\HttpKernel\EventListener\ErrorListener::onControllerArguments".
[09-Apr-2025 18:23:46 UTC] [debug] Notified event "kernel.response" to listener "Symfony\Component\HttpKernel\EventListener\ResponseListener::onKernelResponse".
[09-Apr-2025 18:23:46 UTC] [debug] Notified event "kernel.response" to listener "Symfony\Component\HttpKernel\EventListener\CacheAttributeListener::onKernelResponse".
[09-Apr-2025 18:23:46 UTC] [debug] Notified event "kernel.response" to listener "Symfony\Component\HttpKernel\EventListener\ErrorListener::removeCspHeader".
[09-Apr-2025 18:23:46 UTC] [debug] Notified event "kernel.response" to listener "Symfony\Component\HttpKernel\EventListener\DisallowRobotsIndexingListener::onResponse".
[09-Apr-2025 18:23:46 UTC] [debug] Notified event "kernel.response" to listener "Symfony\Component\HttpKernel\EventListener\SessionListener::onKernelResponse".
[09-Apr-2025 18:23:46 UTC] [debug] Notified event "kernel.finish_request" to listener "Symfony\Component\HttpKernel\EventListener\LocaleListener::onKernelFinishRequest".
[09-Apr-2025 18:23:46 UTC] [debug] Notified event "kernel.finish_request" to listener "Symfony\Component\HttpKernel\EventListener\RouterListener::onKernelFinishRequest".
[09-Apr-2025 18:23:46 UTC] [debug] Notified event "kernel.response" to listener "Symfony\Component\HttpKernel\EventListener\ResponseListener::onKernelResponse".
[09-Apr-2025 18:23:46 UTC] [debug] Notified event "kernel.response" to listener "Symfony\Component\HttpKernel\EventListener\CacheAttributeListener::onKernelResponse".
[09-Apr-2025 18:23:46 UTC] [debug] Notified event "kernel.response" to listener "Symfony\Component\HttpKernel\EventListener\ErrorListener::removeCspHeader".
[09-Apr-2025 18:23:46 UTC] [debug] Notified event "kernel.response" to listener "Symfony\Component\HttpKernel\EventListener\DisallowRobotsIndexingListener::onResponse".
[09-Apr-2025 18:23:46 UTC] [debug] Notified event "kernel.response" to listener "Symfony\Component\HttpKernel\EventListener\SessionListener::onKernelResponse".
[09-Apr-2025 18:23:46 UTC] [debug] Notified event "kernel.finish_request" to listener "Symfony\Component\HttpKernel\EventListener\LocaleListener::onKernelFinishRequest".
[09-Apr-2025 18:23:46 UTC] [debug] Notified event "kernel.finish_request" to listener "Symfony\Component\HttpKernel\EventListener\RouterListener::onKernelFinishRequest".
[09-Apr-2025 18:23:47 UTC] [info] Matched route "traffic".
[09-Apr-2025 18:23:47 UTC] [debug] Notified event "kernel.request" to listener "Symfony\Component\HttpKernel\EventListener\DebugHandlersListener::configure".
[09-Apr-2025 18:23:47 UTC] [debug] Notified event "kernel.request" to listener "Symfony\Component\HttpKernel\EventListener\ValidateRequestListener::onKernelRequest".
[09-Apr-2025 18:23:47 UTC] [debug] Notified event "kernel.request" to listener "Symfony\Bridge\Doctrine\Middleware\IdleConnection\Listener::onKernelRequest".
[09-Apr-2025 18:23:47 UTC] [debug] Notified event "kernel.request" to listener "Symfony\Component\HttpKernel\EventListener\SessionListener::onKernelRequest".
[09-Apr-2025 18:23:47 UTC] [debug] Notified event "kernel.request" to listener "Symfony\Component\HttpKernel\EventListener\LocaleListener::setDefaultLocale".
[09-Apr-2025 18:23:47 UTC] [debug] Notified event "kernel.request" to listener "Symfony\Component\HttpKernel\EventListener\RouterListener::onKernelRequest".
[09-Apr-2025 18:23:47 UTC] [debug] Notified event "kernel.request" to listener "Symfony\Component\HttpKernel\EventListener\LocaleListener::onKernelRequest".
[09-Apr-2025 18:23:47 UTC] [debug] Notified event "kernel.controller_arguments" to listener "Symfony\Component\HttpKernel\EventListener\CacheAttributeListener::onKernelControllerArguments".
[09-Apr-2025 18:23:47 UTC] [debug] Notified event "kernel.controller_arguments" to listener "ContainerGrMg7I5\RequestPayloadValueResolverGhost01ca9cc::onKernelControllerArguments".
[09-Apr-2025 18:23:47 UTC] [debug] Notified event "kernel.controller_arguments" to listener "Symfony\Component\HttpKernel\EventListener\ErrorListener::onControllerArguments".
[09-Apr-2025 18:23:47 UTC] [debug] Notified event "kernel.response" to listener "Symfony\Component\HttpKernel\EventListener\ResponseListener::onKernelResponse".
[09-Apr-2025 18:23:47 UTC] [debug] Notified event "kernel.response" to listener "Symfony\Component\HttpKernel\EventListener\CacheAttributeListener::onKernelResponse".
[09-Apr-2025 18:23:47 UTC] [debug] Notified event "kernel.response" to listener "Symfony\Component\HttpKernel\EventListener\ErrorListener::removeCspHeader".
[09-Apr-2025 18:23:47 UTC] [debug] Notified event "kernel.response" to listener "Symfony\Component\HttpKernel\EventListener\DisallowRobotsIndexingListener::onResponse".
[09-Apr-2025 18:23:47 UTC] [debug] Notified event "kernel.response" to listener "Symfony\Component\HttpKernel\EventListener\SessionListener::onKernelResponse".
[09-Apr-2025 18:23:47 UTC] [debug] Notified event "kernel.finish_request" to listener "Symfony\Component\HttpKernel\EventListener\LocaleListener::onKernelFinishRequest".
[09-Apr-2025 18:23:47 UTC] [debug] Notified event "kernel.finish_request" to listener "Symfony\Component\HttpKernel\EventListener\RouterListener::onKernelFinishRequest".
[09-Apr-2025 18:23:47 UTC] [info] Matched route "traffic".
[09-Apr-2025 18:23:47 UTC] [debug] Notified event "kernel.request" to listener "Symfony\Component\HttpKernel\EventListener\DebugHandlersListener::configure".
[09-Apr-2025 18:23:47 UTC] [debug] Notified event "kernel.request" to listener "Symfony\Component\HttpKernel\EventListener\ValidateRequestListener::onKernelRequest".
[09-Apr-2025 18:23:47 UTC] [debug] Notified event "kernel.request" to listener "Symfony\Bridge\Doctrine\Middleware\IdleConnection\Listener::onKernelRequest".
[09-Apr-2025 18:23:47 UTC] [debug] Notified event "kernel.request" to listener "Symfony\Component\HttpKernel\EventListener\SessionListener::onKernelRequest".
[09-Apr-2025 18:23:47 UTC] [debug] Notified event "kernel.request" to listener "Symfony\Component\HttpKernel\EventListener\LocaleListener::setDefaultLocale".
[09-Apr-2025 18:23:47 UTC] [debug] Notified event "kernel.request" to listener "Symfony\Component\HttpKernel\EventListener\RouterListener::onKernelRequest".
[09-Apr-2025 18:23:47 UTC] [debug] Notified event "kernel.request" to listener "Symfony\Component\HttpKernel\EventListener\LocaleListener::onKernelRequest".
[09-Apr-2025 18:23:47 UTC] [debug] Notified event "kernel.controller_arguments" to listener "Symfony\Component\HttpKernel\EventListener\CacheAttributeListener::onKernelControllerArguments".
[09-Apr-2025 18:23:47 UTC] [debug] Notified event "kernel.controller_arguments" to listener "ContainerGrMg7I5\RequestPayloadValueResolverGhost01ca9cc::onKernelControllerArguments".
[09-Apr-2025 18:23:47 UTC] [debug] Notified event "kernel.controller_arguments" to listener "Symfony\Component\HttpKernel\EventListener\ErrorListener::onControllerArguments".
[09-Apr-2025 18:23:47 UTC] [debug] Notified event "kernel.response" to listener "Symfony\Component\HttpKernel\EventListener\ResponseListener::onKernelResponse".
[09-Apr-2025 18:23:47 UTC] [debug] Notified event "kernel.response" to listener "Symfony\Component\HttpKernel\EventListener\CacheAttributeListener::onKernelResponse".
[09-Apr-2025 18:23:47 UTC] [debug] Notified event "kernel.response" to listener "Symfony\Component\HttpKernel\EventListener\ErrorListener::removeCspHeader".
[09-Apr-2025 18:23:47 UTC] [debug] Notified event "kernel.response" to listener "Symfony\Component\HttpKernel\EventListener\DisallowRobotsIndexingListener::onResponse".
[09-Apr-2025 18:23:47 UTC] [debug] Notified event "kernel.response" to listener "Symfony\Component\HttpKernel\EventListener\SessionListener::onKernelResponse".
[09-Apr-2025 18:23:47 UTC] [debug] Notified event "kernel.finish_request" to listener "Symfony\Component\HttpKernel\EventListener\LocaleListener::onKernelFinishRequest".
[09-Apr-2025 18:23:47 UTC] [debug] Notified event "kernel.finish_request" to listener "Symfony\Component\HttpKernel\EventListener\RouterListener::onKernelFinishRequest".
